[handleMsg]:  {
  key: {
    remoteJid: '5491144030686@s.whatsapp.net',
    fromMe: false,
    id: '3A39973D46534743B66F',
    participant: undefined
  },
  messageTimestamp: 1717860953,
  pushName: 'Stefano',
  broadcast: false,
  message: Message {
    conversation: 'Menu',
    messageContextInfo: MessageContextInfo {
      deviceListMetadata: [DeviceListMetadata],
      deviceListMetadataVersion: 2
    }
  },
  body: 'Menu',
  from: '5491144030686'
}
[QUEUE_SE_ENVIO]:  {
  ref: 'ans_39509b56-0a6c-4972-99d4-5bdfde33611e',
  keyword: 'key_9e98094e-5575-435f-beb2-37e2f38ebfdc',
  answer: '📋 *Elegi alguna de estas opciones:*\r\n' +
    '\r\n' +
    '1️⃣ - Busca tu problema aca\r\n' +
    '2️⃣ - Generar un ticket\r\n' +
    '3️⃣ - Desbloquear usuario\r\n' +
    '4️⃣ - Pregúntame lo que quieras saber\r\n' +
    '\r\n',
  options: {
    media: null,
    buttons: [],
    capture: true,
    child: null,
    delay: 0,
    idle: null,
    ref: null,
    nested: [],
    keyword: {},
    callback: true
  },
  refSerialize: 'a1dcb7666b0d3c02280681b74c4edfd6'
}
[handleMsg]:  {
  key: {
    remoteJid: '5491144030686@s.whatsapp.net',
    fromMe: false,
    id: '3AD6EDAA75D66C103F97',
    participant: undefined
  },
  messageTimestamp: 1717860958,
  pushName: 'Stefano',
  broadcast: false,
  message: Message {
    conversation: '7',
    messageContextInfo: MessageContextInfo {
      deviceListMetadata: [DeviceListMetadata],
      deviceListMetadataVersion: 2
    }
  },
  body: '7',
  from: '5491144030686'
}
[handleMsg]:  {
  key: {
    remoteJid: '5491144030686@s.whatsapp.net',
    fromMe: false,
    id: '3AFEBD5ADFF725FF849E',
    participant: undefined
  },
  messageTimestamp: 1717860963,
  pushName: 'Stefano',
  broadcast: false,
  message: Message {
    conversation: '1',
    messageContextInfo: MessageContextInfo {
      deviceListMetadata: [DeviceListMetadata],
      deviceListMetadataVersion: 2
    }
  },
  body: '1',
  from: '5491144030686'
}
[handleMsg]:  {
  key: {
    remoteJid: '5491144030686@s.whatsapp.net',
    fromMe: false,
    id: '3A27D99836B41EA68AC6',
    participant: undefined
  },
  messageTimestamp: 1717860967,
  pushName: 'Stefano',
  broadcast: false,
  message: Message {
    conversation: '3',
    messageContextInfo: MessageContextInfo {
      deviceListMetadata: [DeviceListMetadata],
      deviceListMetadataVersion: 2
    }
  },
  body: '3',
  from: '5491144030686'
}
[handleMsg]:  {
  key: {
    remoteJid: '5491144030686@s.whatsapp.net',
    fromMe: false,
    id: '3A1E51A5F8B03E0A02A4',
    participant: undefined
  },
  messageTimestamp: 1717860970,
  pushName: 'Stefano',
  broadcast: false,
  message: Message {
    conversation: '7',
    messageContextInfo: MessageContextInfo {
      deviceListMetadata: [DeviceListMetadata],
      deviceListMetadataVersion: 2
    }
  },
  body: '7',
  from: '5491144030686'
}
[handleMsg]:  {
  key: {
    remoteJid: '5491144030686@s.whatsapp.net',
    fromMe: false,
    id: '3AC4FCC0C9D4C954987A',
    participant: undefined
  },
  messageTimestamp: 1717860973,
  pushName: 'Stefano',
  broadcast: false,
  message: Message {
    conversation: '0',
    messageContextInfo: MessageContextInfo {
      deviceListMetadata: [DeviceListMetadata],
      deviceListMetadataVersion: 2
    }
  },
  body: '0',
  from: '5491144030686'
}
[handleMsg]:  {
  key: {
    remoteJid: '5491144030686@s.whatsapp.net',
    fromMe: false,
    id: '3A8BDB1E152EAD1B9288',
    participant: undefined
  },
  messageTimestamp: 1717860978,
  pushName: 'Stefano',
  broadcast: false,
  message: Message {
    conversation: '7',
    messageContextInfo: MessageContextInfo {
      deviceListMetadata: [DeviceListMetadata],
      deviceListMetadataVersion: 2
    }
  },
  body: '7',
  from: '5491144030686'
}
[handleMsg]:  {
  key: {
    remoteJid: '5491144030686@s.whatsapp.net',
    fromMe: false,
    id: '3AA6E8FB685CE27D097F',
    participant: undefined
  },
  messageTimestamp: 1717860985,
  pushName: 'Stefano',
  broadcast: false,
  message: Message {
    conversation: '1',
    messageContextInfo: MessageContextInfo {
      deviceListMetadata: [DeviceListMetadata],
      deviceListMetadataVersion: 2
    }
  },
  body: '1',
  from: '5491144030686'
}
